{"name":"navy-search","hostname":"home","pid":8819,"level":30,"msg":"navadmin","time":"2016-11-15T02:57:47.031Z","v":0}
{"name":"navy-search","hostname":"home","pid":8819,"level":30,"msg":"navadmin","time":"2016-11-15T02:58:04.554Z","v":0}
{"name":"navy-search","hostname":"home","pid":8819,"level":30,"msg":"navadmin","time":"2016-11-15T02:58:26.567Z","v":0}
{"name":"navy-search","hostname":"home","pid":11341,"level":30,"msg":"navadmin","time":"2016-11-15T23:06:32.900Z","v":0}
{"name":"navy-search","hostname":"home","pid":11341,"level":30,"msg":"navadmin","time":"2016-11-15T23:07:45.777Z","v":0}
{"name":"navy-search","hostname":"home","pid":12051,"level":30,"msg":"[]","time":"2016-11-15T23:18:35.067Z","v":0}
{"name":"navy-search","hostname":"home","pid":18218,"level":30,"msg":"navadmin","time":"2016-11-16T03:55:41.628Z","v":0}
{"name":"navy-search","hostname":"home","pid":18244,"level":30,"msg":"navadmin","time":"2016-11-16T03:56:01.299Z","v":0}
{"name":"message","hostname":"home","pid":7009,"level":50,"error":"Invalid Message Parameters: Year","msg":"","time":"2016-11-26T23:28:21.034Z","v":0}
{"name":"message","hostname":"home","pid":7009,"level":50,"error":"Invalid Message Parameters: Year","msg":"","time":"2016-11-26T23:28:23.916Z","v":0}
{"name":"message","hostname":"home","pid":7048,"level":50,"error":"Invalid Message Parameters: year","msg":"","time":"2016-11-26T23:29:22.374Z","v":0}
{"name":"message","hostname":"home","pid":7048,"level":50,"error":"Invalid Message Parameters: year, num","msg":"","time":"2016-11-26T23:29:26.129Z","v":0}
{"name":"message","hostname":"home","pid":7110,"level":50,"error":"Invalid Message Parameters: year, num","msg":"","time":"2016-11-26T23:33:07.097Z","v":0}
{"name":"message","hostname":"home","pid":7110,"level":50,"error":"Invalid Message Parameters: year","msg":"","time":"2016-11-26T23:33:12.226Z","v":0}
{"name":"message","hostname":"home","pid":7389,"level":50,"errors":[],"msg":"","time":"2016-11-26T23:40:28.090Z","v":0}
{"name":"message","hostname":"home","pid":7418,"level":50,"errors":["num"],"msg":"","time":"2016-11-26T23:41:12.453Z","v":0}
{"name":"message","hostname":"home","pid":7586,"level":50,"errors":[{"title":"Invalid Message \"num\" Parameter","code":"INVALID_MESSAGE_YEAR","description":"Message number must be in ### format (ex: \"2\" --> \"002\")"}],"msg":"","time":"2016-11-26T23:44:48.580Z","v":0}
{"name":"message","hostname":"home","pid":7603,"level":50,"errors":[{"title":"Invalid Message \"num\" Parameter","code":"INVALID_MESSAGE_NUM","description":"Message number must be in ### format (ex: \"2\" --> \"002\")"}],"msg":"","time":"2016-11-26T23:45:05.422Z","v":0}
{"name":"message","hostname":"home","pid":7603,"level":50,"errors":[{"title":"Invalid Message \"year\" Parameter","code":"INVALID_MESSAGE_YEAR","description":"Message year must be in YY format"},{"title":"Invalid Message \"num\" Parameter","code":"INVALID_MESSAGE_NUM","description":"Message number must be in ### format (ex: \"2\" --> \"002\")"}],"msg":"","time":"2016-11-26T23:45:11.413Z","v":0}
{"name":"message","hostname":"home","pid":7660,"level":50,"errors":[{"title":"Invalid Message \"year\" Parameter","code":"INVALID_MESSAGE_YEAR","description":"Message year must be a present or past date in \"YY\" format"},{"title":"Invalid Message \"num\" Parameter","code":"INVALID_MESSAGE_NUM","description":"Message number must be in ### format (ex: \"2\" --> \"002\")"}],"msg":"","time":"2016-11-26T23:45:51.471Z","v":0}
{"name":"message","hostname":"home","pid":7705,"level":50,"errors":[{"title":"Invalid Message \"year\" Parameter","code":"INVALID_MESSAGE_YEAR","description":"Message year must be a present or past date in \"YY\" format"},{"title":"Invalid Message \"num\" Parameter","code":"INVALID_MESSAGE_NUM","description":"Message number must be in \"###\" format (ex: \"2\" --> \"002\")"}],"msg":"","time":"2016-11-26T23:46:14.352Z","v":0}
{"name":"message","hostname":"home","pid":7802,"level":50,"errors":[{"title":"Invalid Message ID","code":"INVALID_MESSAGE_ID","description":"Message ID must include type, year, and number. Message ID format is \"(NAVADMIN|ALNAV)YY###\""}],"msg":"","time":"2016-11-26T23:57:28.350Z","v":0}
{"name":"message","hostname":"home","pid":7868,"level":50,"errors":[{"title":"Invalid Message ID","code":"INVALID_MESSAGE_ID","description":"Message ID must include type, year, and number. Message ID format is \"(NAVADMIN|ALNAV)YY###\""}],"msg":"","time":"2016-11-26T23:58:37.562Z","v":0}
